<?xml version="1.0" encoding="UTF-8"?>
<testsuite xmlns:xsi="http://www.w3.org/2001/XMLSchema-instance" xsi:noNamespaceSchemaLocation="https://maven.apache.org/surefire/maven-surefire-plugin/xsd/surefire-test-report.xsd" name="co.unicauca.parkinglot.domain.ParkingTest" time="0.556" tests="4" errors="0" skipped="0" failures="0">
  <properties>
[...]
</properties>
  <testcase name="CarTest" classname="co.unicauca.parkinglot.domain.ParkingTest" time="0.468"/>
  <testcase name="TruckTest" classname="co.unicauca.parkinglot.domain.ParkingTest" time="0.024"/>
  <testcase name="PersistenceTest" classname="co.unicauca.parkinglot.domain.ParkingTest" time="0.024"/>
  <testcase name="MotosTest" classname="co.unicauca.parkinglot.domain.ParkingTest" time="0.005"/>
</testsuite>